{
  "uid" : "c54566dfbc1c9fa6",
  "name" : "test_guest_cant_see_success_message_after_adding_product_to_basket",
  "fullName" : "module_5.test_product_page.TestProductPage#test_guest_cant_see_success_message_after_adding_product_to_basket",
  "historyId" : "73a493c161f5189f89249bf7a7c46bd7",
  "time" : {
    "start" : 1615637018075,
    "stop" : 1615637022055,
    "duration" : 3980
  },
  "status" : "skipped",
  "statusMessage" : "XFAIL wrong\n\nAssertionError: Success message is presented, but should not be",
  "statusTrace" : "self = <module_5.test_product_page.TestProductPage object at 0x03E770B0>, browser = <selenium.webdriver.chrome.webdriver.WebDriver (session=\"1dfad4d7397d8a716637649587e370ef\")>\n\n    @pytest.mark.xfail(reason=\"wrong\")\n    def test_guest_cant_see_success_message_after_adding_product_to_basket(self, browser):\n        # Arrange\n        page = ProductPage(browser, link.format(default_promo_offer))\n        page.open()\n        # Act\n        page.add_product_to_basket()\n        # Assert\n>       page.should_not_be_success_message()\n\nmodule_5\\test_product_page.py:46: \n_ _ _ _ _ _ _ _ _ _ _ _ _ _ _ _ _ _ _ _ _ _ _ _ _ _ _ _ _ _ _ _ _ _ _ _ _ _ _ _ _ _ _ _ _ _ _ _ _ _ _ _ _ _ _ _ _ _ _ _ _ _ _ _ _ _ _ _ _ _ _ _ _ _ _ _ _ _ _ _ _ _ _ _ _ _ _ _ _ _ _ _ _ _ _ _ _ _ _ _ _ _ _ _ _ _ _ _ _ _ _ _ _ _ _ _ _ _ _ _ _ _ _ _ _ _ _ _ _ _ _ _ _ _\n\nself = <module_5.pages.product_page.ProductPage object at 0x03E89650>\n\n    def should_not_be_success_message(self):\n        assert self.is_not_element_present(*ProductPageLocators.SUCCESS_MESSAGE), \\\n>           \"Success message is presented, but should not be\"\nE       AssertionError: Success message is presented, but should not be\n\nmodule_5\\pages\\product_page.py:20: AssertionError",
  "flaky" : false,
  "newFailed" : false,
  "beforeStages" : [ {
    "name" : "browser",
    "time" : {
      "start" : 1615637016953,
      "stop" : 1615637018074,
      "duration" : 1121
    },
    "status" : "passed",
    "steps" : [ ],
    "attachments" : [ ],
    "parameters" : [ ],
    "stepsCount" : 0,
    "hasContent" : false,
    "attachmentsCount" : 0,
    "shouldDisplayMessage" : false
  } ],
  "testStage" : {
    "status" : "skipped",
    "statusMessage" : "XFAIL wrong\n\nAssertionError: Success message is presented, but should not be",
    "statusTrace" : "self = <module_5.test_product_page.TestProductPage object at 0x03E770B0>, browser = <selenium.webdriver.chrome.webdriver.WebDriver (session=\"1dfad4d7397d8a716637649587e370ef\")>\n\n    @pytest.mark.xfail(reason=\"wrong\")\n    def test_guest_cant_see_success_message_after_adding_product_to_basket(self, browser):\n        # Arrange\n        page = ProductPage(browser, link.format(default_promo_offer))\n        page.open()\n        # Act\n        page.add_product_to_basket()\n        # Assert\n>       page.should_not_be_success_message()\n\nmodule_5\\test_product_page.py:46: \n_ _ _ _ _ _ _ _ _ _ _ _ _ _ _ _ _ _ _ _ _ _ _ _ _ _ _ _ _ _ _ _ _ _ _ _ _ _ _ _ _ _ _ _ _ _ _ _ _ _ _ _ _ _ _ _ _ _ _ _ _ _ _ _ _ _ _ _ _ _ _ _ _ _ _ _ _ _ _ _ _ _ _ _ _ _ _ _ _ _ _ _ _ _ _ _ _ _ _ _ _ _ _ _ _ _ _ _ _ _ _ _ _ _ _ _ _ _ _ _ _ _ _ _ _ _ _ _ _ _ _ _ _ _\n\nself = <module_5.pages.product_page.ProductPage object at 0x03E89650>\n\n    def should_not_be_success_message(self):\n        assert self.is_not_element_present(*ProductPageLocators.SUCCESS_MESSAGE), \\\n>           \"Success message is presented, but should not be\"\nE       AssertionError: Success message is presented, but should not be\n\nmodule_5\\pages\\product_page.py:20: AssertionError",
    "steps" : [ ],
    "attachments" : [ {
      "uid" : "98b388b48fd17253",
      "name" : "stdout",
      "source" : "98b388b48fd17253.txt",
      "type" : "text/plain",
      "size" : 58
    } ],
    "parameters" : [ ],
    "stepsCount" : 0,
    "hasContent" : true,
    "attachmentsCount" : 1,
    "shouldDisplayMessage" : true
  },
  "afterStages" : [ {
    "name" : "browser::0",
    "time" : {
      "start" : 1615637022062,
      "stop" : 1615637025168,
      "duration" : 3106
    },
    "status" : "passed",
    "steps" : [ ],
    "attachments" : [ ],
    "parameters" : [ ],
    "stepsCount" : 0,
    "hasContent" : false,
    "attachmentsCount" : 0,
    "shouldDisplayMessage" : false
  } ],
  "labels" : [ {
    "name" : "tag",
    "value" : "@pytest.mark.xfail(reason='wrong')"
  }, {
    "name" : "parentSuite",
    "value" : "module_5"
  }, {
    "name" : "suite",
    "value" : "test_product_page"
  }, {
    "name" : "subSuite",
    "value" : "TestProductPage"
  }, {
    "name" : "host",
    "value" : "DESKTOP-0VVOU9V"
  }, {
    "name" : "thread",
    "value" : "16044-MainThread"
  }, {
    "name" : "framework",
    "value" : "pytest"
  }, {
    "name" : "language",
    "value" : "cpython3"
  }, {
    "name" : "package",
    "value" : "module_5.test_product_page"
  }, {
    "name" : "resultFormat",
    "value" : "allure2"
  } ],
  "parameters" : [ ],
  "links" : [ ],
  "hidden" : false,
  "retry" : false,
  "extra" : {
    "severity" : "normal",
    "retries" : [ ],
    "categories" : [ ],
    "tags" : [ "@pytest.mark.xfail(reason='wrong')" ]
  },
  "source" : "c54566dfbc1c9fa6.json",
  "parameterValues" : [ ]
}